<?xml version="1.0" encoding="UTF-8"?>
<!-- Generated by org.testng.reporters.JUnitXMLReporter -->
<testsuite ignored="2" hostname="DESKTOP-FQS4FE5" failures="0" tests="1" name="Default test" time="36.095" errors="0" timestamp="2022-10-14T02:15:47 EET">
  <testcase classname="Facebook.Login" name="loginWithValidData" time="10.903"/>
  <testcase classname="Facebook.Login" name="loginWithInvalidEmail" time="0.0">
    <ignored/>
  </testcase> <!-- loginWithInvalidEmail -->
  <testcase classname="Facebook.Login" name="loginWithWrongPassword" time="0.0">
    <ignored/>
  </testcase> <!-- loginWithWrongPassword -->
</testsuite> <!-- Default test -->
