<?xml version="1.0" encoding="UTF-8"?>
<testng-results ignored="2" total="3" passed="1" failed="0" skipped="0">
  <reporter-output>
  </reporter-output>
  <suite started-at="2022-10-14T02:15:11 EET" name="Default suite" finished-at="2022-10-14T02:15:47 EET" duration-ms="36095">
    <groups>
    </groups>
    <test started-at="2022-10-14T02:15:11 EET" name="Default test" finished-at="2022-10-14T02:15:47 EET" duration-ms="36095">
      <class name="Facebook.Login">
        <test-method is-config="true" signature="Basic()[pri:0, instance:Facebook.Login@5e600dd5]" started-at="2022-10-14T02:15:11 EET" name="Basic" finished-at="2022-10-14T02:15:20 EET" duration-ms="9063" status="PASS">
          <reporter-output>
          </reporter-output>
        </test-method> <!-- Basic -->
        <test-method signature="loginWithValidData()[pri:1, instance:Facebook.Login@5e600dd5]" started-at="2022-10-14T02:15:20 EET" name="loginWithValidData" finished-at="2022-10-14T02:15:31 EET" duration-ms="10903" status="PASS">
          <reporter-output>
          </reporter-output>
        </test-method> <!-- loginWithValidData -->
        <test-method is-config="true" signature="close()[pri:0, instance:Facebook.Login@5e600dd5]" started-at="2022-10-14T02:15:31 EET" name="close" finished-at="2022-10-14T02:15:47 EET" duration-ms="16085" status="PASS">
          <reporter-output>
          </reporter-output>
        </test-method> <!-- close -->
      </class> <!-- Facebook.Login -->
    </test> <!-- Default test -->
  </suite> <!-- Default suite -->
</testng-results>
